c:\users\niall\documents\software development\year 2\oo programming\oop-assignment-2\group40\groupx\groupx\x64\debug\vc141.pdb
c:\users\niall\documents\software development\year 2\oo programming\oop-assignment-2\group40\groupx\groupx\x64\debug\vc141.idb
c:\users\niall\documents\software development\year 2\oo programming\oop-assignment-2\group40\groupx\groupx\x64\debug\armour.obj
c:\users\niall\documents\software development\year 2\oo programming\oop-assignment-2\group40\groupx\groupx\x64\debug\blackwitch.obj
c:\users\niall\documents\software development\year 2\oo programming\oop-assignment-2\group40\groupx\groupx\x64\debug\brawler.obj
c:\users\niall\documents\software development\year 2\oo programming\oop-assignment-2\group40\groupx\groupx\x64\debug\cleric.obj
c:\users\niall\documents\software development\year 2\oo programming\oop-assignment-2\group40\groupx\groupx\x64\debug\gamecharacter.obj
c:\users\niall\documents\software development\year 2\oo programming\oop-assignment-2\group40\groupx\groupx\x64\debug\item.obj
c:\users\niall\documents\software development\year 2\oo programming\oop-assignment-2\group40\groupx\groupx\x64\debug\main.obj
c:\users\niall\documents\software development\year 2\oo programming\oop-assignment-2\group40\groupx\groupx\x64\debug\orc.obj
c:\users\niall\documents\software development\year 2\oo programming\oop-assignment-2\group40\groupx\groupx\x64\debug\weapon.obj
c:\users\niall\documents\software development\year 2\oo programming\oop-assignment-2\group40\groupx\x64\debug\groupx.lib
c:\users\niall\documents\software development\year 2\oo programming\oop-assignment-2\group40\groupx\x64\debug\groupx.exp
c:\users\niall\documents\software development\year 2\oo programming\oop-assignment-2\group40\groupx\x64\debug\groupx.exe
c:\users\niall\documents\software development\year 2\oo programming\oop-assignment-2\group40\groupx\x64\debug\groupx.ilk
c:\users\niall\documents\software development\year 2\oo programming\oop-assignment-2\group40\groupx\x64\debug\groupx.pdb
c:\users\niall\documents\software development\year 2\oo programming\oop-assignment-2\group40\groupx\groupx\x64\debug\groupx.idb
c:\users\niall\documents\software development\year 2\oo programming\oop-assignment-2\group40\groupx\groupx\x64\debug\groupx.pdb
c:\users\niall\documents\software development\year 2\oo programming\oop-assignment-2\group40\groupx\groupx\x64\debug\groupx.tlog\cl.command.1.tlog
c:\users\niall\documents\software development\year 2\oo programming\oop-assignment-2\group40\groupx\groupx\x64\debug\groupx.tlog\cl.read.1.tlog
c:\users\niall\documents\software development\year 2\oo programming\oop-assignment-2\group40\groupx\groupx\x64\debug\groupx.tlog\cl.write.1.tlog
c:\users\niall\documents\software development\year 2\oo programming\oop-assignment-2\group40\groupx\groupx\x64\debug\groupx.tlog\groupx.write.1u.tlog
c:\users\niall\documents\software development\year 2\oo programming\oop-assignment-2\group40\groupx\groupx\x64\debug\groupx.tlog\lib-link.read.1.tlog
c:\users\niall\documents\software development\year 2\oo programming\oop-assignment-2\group40\groupx\groupx\x64\debug\groupx.tlog\lib-link.write.1.tlog
c:\users\niall\documents\software development\year 2\oo programming\oop-assignment-2\group40\groupx\groupx\x64\debug\groupx.tlog\lib.command.1.tlog
c:\users\niall\documents\software development\year 2\oo programming\oop-assignment-2\group40\groupx\groupx\x64\debug\groupx.tlog\link.10508.delete.1.tlog
c:\users\niall\documents\software development\year 2\oo programming\oop-assignment-2\group40\groupx\groupx\x64\debug\groupx.tlog\link.10656.delete.1.tlog
c:\users\niall\documents\software development\year 2\oo programming\oop-assignment-2\group40\groupx\groupx\x64\debug\groupx.tlog\link.10984.delete.1.tlog
c:\users\niall\documents\software development\year 2\oo programming\oop-assignment-2\group40\groupx\groupx\x64\debug\groupx.tlog\link.11592.delete.1.tlog
c:\users\niall\documents\software development\year 2\oo programming\oop-assignment-2\group40\groupx\groupx\x64\debug\groupx.tlog\link.12432.delete.1.tlog
c:\users\niall\documents\software development\year 2\oo programming\oop-assignment-2\group40\groupx\groupx\x64\debug\groupx.tlog\link.12536.delete.1.tlog
c:\users\niall\documents\software development\year 2\oo programming\oop-assignment-2\group40\groupx\groupx\x64\debug\groupx.tlog\link.12800.delete.1.tlog
c:\users\niall\documents\software development\year 2\oo programming\oop-assignment-2\group40\groupx\groupx\x64\debug\groupx.tlog\link.13792.delete.1.tlog
c:\users\niall\documents\software development\year 2\oo programming\oop-assignment-2\group40\groupx\groupx\x64\debug\groupx.tlog\link.14100.delete.1.tlog
c:\users\niall\documents\software development\year 2\oo programming\oop-assignment-2\group40\groupx\groupx\x64\debug\groupx.tlog\link.15108.delete.1.tlog
c:\users\niall\documents\software development\year 2\oo programming\oop-assignment-2\group40\groupx\groupx\x64\debug\groupx.tlog\link.15256.delete.1.tlog
c:\users\niall\documents\software development\year 2\oo programming\oop-assignment-2\group40\groupx\groupx\x64\debug\groupx.tlog\link.15816.delete.1.tlog
c:\users\niall\documents\software development\year 2\oo programming\oop-assignment-2\group40\groupx\groupx\x64\debug\groupx.tlog\link.15892.delete.1.tlog
c:\users\niall\documents\software development\year 2\oo programming\oop-assignment-2\group40\groupx\groupx\x64\debug\groupx.tlog\link.15980.delete.1.tlog
c:\users\niall\documents\software development\year 2\oo programming\oop-assignment-2\group40\groupx\groupx\x64\debug\groupx.tlog\link.16044.delete.1.tlog
c:\users\niall\documents\software development\year 2\oo programming\oop-assignment-2\group40\groupx\groupx\x64\debug\groupx.tlog\link.16428.delete.1.tlog
c:\users\niall\documents\software development\year 2\oo programming\oop-assignment-2\group40\groupx\groupx\x64\debug\groupx.tlog\link.16500.delete.1.tlog
c:\users\niall\documents\software development\year 2\oo programming\oop-assignment-2\group40\groupx\groupx\x64\debug\groupx.tlog\link.17032.delete.1.tlog
c:\users\niall\documents\software development\year 2\oo programming\oop-assignment-2\group40\groupx\groupx\x64\debug\groupx.tlog\link.17572.delete.1.tlog
c:\users\niall\documents\software development\year 2\oo programming\oop-assignment-2\group40\groupx\groupx\x64\debug\groupx.tlog\link.17648.delete.1.tlog
c:\users\niall\documents\software development\year 2\oo programming\oop-assignment-2\group40\groupx\groupx\x64\debug\groupx.tlog\link.17700.delete.1.tlog
c:\users\niall\documents\software development\year 2\oo programming\oop-assignment-2\group40\groupx\groupx\x64\debug\groupx.tlog\link.17736.delete.1.tlog
c:\users\niall\documents\software development\year 2\oo programming\oop-assignment-2\group40\groupx\groupx\x64\debug\groupx.tlog\link.17768.delete.1.tlog
c:\users\niall\documents\software development\year 2\oo programming\oop-assignment-2\group40\groupx\groupx\x64\debug\groupx.tlog\link.18020.delete.1.tlog
c:\users\niall\documents\software development\year 2\oo programming\oop-assignment-2\group40\groupx\groupx\x64\debug\groupx.tlog\link.18168.delete.1.tlog
c:\users\niall\documents\software development\year 2\oo programming\oop-assignment-2\group40\groupx\groupx\x64\debug\groupx.tlog\link.18216.delete.1.tlog
c:\users\niall\documents\software development\year 2\oo programming\oop-assignment-2\group40\groupx\groupx\x64\debug\groupx.tlog\link.18304.delete.1.tlog
c:\users\niall\documents\software development\year 2\oo programming\oop-assignment-2\group40\groupx\groupx\x64\debug\groupx.tlog\link.1908.delete.1.tlog
c:\users\niall\documents\software development\year 2\oo programming\oop-assignment-2\group40\groupx\groupx\x64\debug\groupx.tlog\link.2032.delete.1.tlog
c:\users\niall\documents\software development\year 2\oo programming\oop-assignment-2\group40\groupx\groupx\x64\debug\groupx.tlog\link.2576.delete.1.tlog
c:\users\niall\documents\software development\year 2\oo programming\oop-assignment-2\group40\groupx\groupx\x64\debug\groupx.tlog\link.3128.delete.1.tlog
c:\users\niall\documents\software development\year 2\oo programming\oop-assignment-2\group40\groupx\groupx\x64\debug\groupx.tlog\link.3412.delete.1.tlog
c:\users\niall\documents\software development\year 2\oo programming\oop-assignment-2\group40\groupx\groupx\x64\debug\groupx.tlog\link.6264.delete.1.tlog
c:\users\niall\documents\software development\year 2\oo programming\oop-assignment-2\group40\groupx\groupx\x64\debug\groupx.tlog\link.6740.delete.1.tlog
c:\users\niall\documents\software development\year 2\oo programming\oop-assignment-2\group40\groupx\groupx\x64\debug\groupx.tlog\link.8000.delete.1.tlog
c:\users\niall\documents\software development\year 2\oo programming\oop-assignment-2\group40\groupx\groupx\x64\debug\groupx.tlog\link.8132.delete.1.tlog
c:\users\niall\documents\software development\year 2\oo programming\oop-assignment-2\group40\groupx\groupx\x64\debug\groupx.tlog\link.command.1.tlog
c:\users\niall\documents\software development\year 2\oo programming\oop-assignment-2\group40\groupx\groupx\x64\debug\groupx.tlog\link.delete.1.tlog
c:\users\niall\documents\software development\year 2\oo programming\oop-assignment-2\group40\groupx\groupx\x64\debug\groupx.tlog\link.read.1.tlog
c:\users\niall\documents\software development\year 2\oo programming\oop-assignment-2\group40\groupx\groupx\x64\debug\groupx.tlog\link.write.1.tlog
